This file contains any messages produced by compilers while
running configure, to aid debugging if configure makes a mistake.

It was created by open_jtalk configure 1.07, which was
generated by GNU Autoconf 2.63.  Invocation command line was

  $ ./configure --with-charset=utf-8

## --------- ##
## Platform. ##
## --------- ##

hostname = m
uname -m = x86_64
uname -r = 5.8.0-48-generic
uname -s = Linux
uname -v = #54~20.04.1-Ubuntu SMP Sat Mar 20 13:40:25 UTC 2021

/usr/bin/uname -p = x86_64
/bin/uname -X     = unknown

/bin/arch              = x86_64
/usr/bin/arch -k       = unknown
/usr/convex/getsysinfo = unknown
/usr/bin/hostinfo      = unknown
/bin/machine           = unknown
/usr/bin/oslevel       = unknown
/bin/universe          = unknown

PATH: /home/oem/.pyenv/shims
PATH: /home/oem/.pyenv/bin
PATH: /usr/local/sbin
PATH: /usr/local/bin
PATH: /usr/sbin
PATH: /usr/bin
PATH: /sbin
PATH: /bin
PATH: /usr/games
PATH: /usr/local/games
PATH: /snap/bin


## ----------- ##
## Core tests. ##
## ----------- ##

configure:1910: checking for a BSD-compatible install
configure:1978: result: /usr/bin/install -c
configure:1989: checking whether build environment is sane
configure:2032: result: yes
configure:2057: checking for a thread-safe mkdir -p
configure:2096: result: /usr/bin/mkdir -p
configure:2109: checking for gawk
configure:2139: result: no
configure:2109: checking for mawk
configure:2125: found /usr/bin/mawk
configure:2136: result: mawk
configure:2147: checking whether make sets $(MAKE)
configure:2169: result: yes
configure:2394: checking for gcc
configure:2410: found /usr/bin/gcc
configure:2421: result: gcc
configure:2653: checking for C compiler version
configure:2661: gcc --version >&5
gcc (Ubuntu 9.3.0-17ubuntu1~20.04) 9.3.0
Copyright (C) 2019 Free Software Foundation, Inc.
This is free software; see the source for copying conditions.  There is NO
warranty; not even for MERCHANTABILITY or FITNESS FOR A PARTICULAR PURPOSE.

configure:2665: $? = 0
configure:2672: gcc -v >&5
Using built-in specs.
COLLECT_GCC=gcc
COLLECT_LTO_WRAPPER=/usr/lib/gcc/x86_64-linux-gnu/9/lto-wrapper
OFFLOAD_TARGET_NAMES=nvptx-none:hsa
OFFLOAD_TARGET_DEFAULT=1
Target: x86_64-linux-gnu
Configured with: ../src/configure -v --with-pkgversion='Ubuntu 9.3.0-17ubuntu1~20.04' --with-bugurl=file:///usr/share/doc/gcc-9/README.Bugs --enable-languages=c,ada,c++,go,brig,d,fortran,objc,obj-c++,gm2 --prefix=/usr --with-gcc-major-version-only --program-suffix=-9 --program-prefix=x86_64-linux-gnu- --enable-shared --enable-linker-build-id --libexecdir=/usr/lib --without-included-gettext --enable-threads=posix --libdir=/usr/lib --enable-nls --enable-clocale=gnu --enable-libstdcxx-debug --enable-libstdcxx-time=yes --with-default-libstdcxx-abi=new --enable-gnu-unique-object --disable-vtable-verify --enable-plugin --enable-default-pie --with-system-zlib --with-target-system-zlib=auto --enable-objc-gc=auto --enable-multiarch --disable-werror --with-arch-32=i686 --with-abi=m64 --with-multilib-list=m32,m64,mx32 --enable-multilib --with-tune=generic --enable-offload-targets=nvptx-none=/build/gcc-9-HskZEa/gcc-9-9.3.0/debian/tmp-nvptx/usr,hsa --without-cuda-driver --enable-checking=release --build=x86_64-linux-gnu --host=x86_64-linux-gnu --target=x86_64-linux-gnu
Thread model: posix
gcc version 9.3.0 (Ubuntu 9.3.0-17ubuntu1~20.04) 
configure:2676: $? = 0
configure:2683: gcc -V >&5
gcc: error: unrecognized command line option '-V'
gcc: fatal error: no input files
compilation terminated.
configure:2687: $? = 1
configure:2710: checking for C compiler default output file name
configure:2732: gcc    conftest.c  >&5
configure:2736: $? = 0
configure:2774: result: a.out
configure:2793: checking whether the C compiler works
configure:2803: ./a.out
configure:2807: $? = 0
configure:2826: result: yes
configure:2833: checking whether we are cross compiling
configure:2835: result: no
configure:2838: checking for suffix of executables
configure:2845: gcc -o conftest    conftest.c  >&5
configure:2849: $? = 0
configure:2875: result: 
configure:2881: checking for suffix of object files
configure:2907: gcc -c   conftest.c >&5
configure:2911: $? = 0
configure:2936: result: o
configure:2940: checking whether we are using the GNU C compiler
configure:2969: gcc -c   conftest.c >&5
configure:2976: $? = 0
configure:2993: result: yes
configure:3002: checking whether gcc accepts -g
configure:3032: gcc -c -g  conftest.c >&5
configure:3039: $? = 0
configure:3140: result: yes
configure:3157: checking for gcc option to accept ISO C89
configure:3231: gcc  -c -g -O2  conftest.c >&5
configure:3238: $? = 0
configure:3261: result: none needed
configure:3290: checking for style of include used by make
configure:3318: result: GNU
configure:3343: checking dependency style of gcc
configure:3434: result: gcc3
configure:3507: checking for g++
configure:3523: found /usr/bin/g++
configure:3534: result: g++
configure:3561: checking for C++ compiler version
configure:3569: g++ --version >&5
g++ (Ubuntu 9.3.0-17ubuntu1~20.04) 9.3.0
Copyright (C) 2019 Free Software Foundation, Inc.
This is free software; see the source for copying conditions.  There is NO
warranty; not even for MERCHANTABILITY or FITNESS FOR A PARTICULAR PURPOSE.

configure:3573: $? = 0
configure:3580: g++ -v >&5
Using built-in specs.
COLLECT_GCC=g++
COLLECT_LTO_WRAPPER=/usr/lib/gcc/x86_64-linux-gnu/9/lto-wrapper
OFFLOAD_TARGET_NAMES=nvptx-none:hsa
OFFLOAD_TARGET_DEFAULT=1
Target: x86_64-linux-gnu
Configured with: ../src/configure -v --with-pkgversion='Ubuntu 9.3.0-17ubuntu1~20.04' --with-bugurl=file:///usr/share/doc/gcc-9/README.Bugs --enable-languages=c,ada,c++,go,brig,d,fortran,objc,obj-c++,gm2 --prefix=/usr --with-gcc-major-version-only --program-suffix=-9 --program-prefix=x86_64-linux-gnu- --enable-shared --enable-linker-build-id --libexecdir=/usr/lib --without-included-gettext --enable-threads=posix --libdir=/usr/lib --enable-nls --enable-clocale=gnu --enable-libstdcxx-debug --enable-libstdcxx-time=yes --with-default-libstdcxx-abi=new --enable-gnu-unique-object --disable-vtable-verify --enable-plugin --enable-default-pie --with-system-zlib --with-target-system-zlib=auto --enable-objc-gc=auto --enable-multiarch --disable-werror --with-arch-32=i686 --with-abi=m64 --with-multilib-list=m32,m64,mx32 --enable-multilib --with-tune=generic --enable-offload-targets=nvptx-none=/build/gcc-9-HskZEa/gcc-9-9.3.0/debian/tmp-nvptx/usr,hsa --without-cuda-driver --enable-checking=release --build=x86_64-linux-gnu --host=x86_64-linux-gnu --target=x86_64-linux-gnu
Thread model: posix
gcc version 9.3.0 (Ubuntu 9.3.0-17ubuntu1~20.04) 
configure:3584: $? = 0
configure:3591: g++ -V >&5
g++: error: unrecognized command line option '-V'
g++: fatal error: no input files
compilation terminated.
configure:3595: $? = 1
configure:3598: checking whether we are using the GNU C++ compiler
configure:3627: g++ -c   conftest.cpp >&5
configure:3634: $? = 0
configure:3651: result: yes
configure:3660: checking whether g++ accepts -g
configure:3690: g++ -c -g  conftest.cpp >&5
configure:3697: $? = 0
configure:3798: result: yes
configure:3823: checking dependency style of g++
configure:3914: result: gcc3
configure:3930: checking whether gcc and cc understand -c and -o together
configure:3965: gcc -c conftest.c -o conftest2.o >&5
configure:3969: $? = 0
configure:3975: gcc -c conftest.c -o conftest2.o >&5
configure:3979: $? = 0
configure:3990: cc -c conftest.c >&5
configure:3994: $? = 0
configure:4002: cc -c conftest.c -o conftest2.o >&5
configure:4006: $? = 0
configure:4012: cc -c conftest.c -o conftest2.o >&5
configure:4016: $? = 0
configure:4034: result: yes
configure:4075: checking for a BSD-compatible install
configure:4143: result: /usr/bin/install -c
configure:4197: checking for ranlib
configure:4213: found /usr/bin/ranlib
configure:4224: result: ranlib
configure:4292: checking for ar
configure:4308: found /usr/bin/ar
configure:4319: result: ar
configure:4349: checking how to run the C preprocessor
configure:4389: gcc -E  conftest.c
configure:4396: $? = 0
configure:4427: gcc -E  conftest.c
conftest.c:8:10: fatal error: ac_nonexistent.h: No such file or directory
    8 | #include <ac_nonexistent.h>
      |          ^~~~~~~~~~~~~~~~~~
compilation terminated.
configure:4434: $? = 1
configure: failed program was:
| /* confdefs.h.  */
| #define PACKAGE_NAME "open_jtalk"
| #define PACKAGE_TARNAME "open_jtalk"
| #define PACKAGE_VERSION "1.07"
| #define PACKAGE_STRING "open_jtalk 1.07"
| #define PACKAGE_BUGREPORT "open-jtalk-users@lists.sourceforge.net"
| /* end confdefs.h.  */
| #include <ac_nonexistent.h>
configure:4467: result: gcc -E
configure:4496: gcc -E  conftest.c
configure:4503: $? = 0
configure:4534: gcc -E  conftest.c
conftest.c:8:10: fatal error: ac_nonexistent.h: No such file or directory
    8 | #include <ac_nonexistent.h>
      |          ^~~~~~~~~~~~~~~~~~
compilation terminated.
configure:4541: $? = 1
configure: failed program was:
| /* confdefs.h.  */
| #define PACKAGE_NAME "open_jtalk"
| #define PACKAGE_TARNAME "open_jtalk"
| #define PACKAGE_VERSION "1.07"
| #define PACKAGE_STRING "open_jtalk 1.07"
| #define PACKAGE_BUGREPORT "open-jtalk-users@lists.sourceforge.net"
| /* end confdefs.h.  */
| #include <ac_nonexistent.h>
configure:4581: checking for grep that handles long lines and -e
configure:4641: result: /usr/bin/grep
configure:4646: checking for egrep
configure:4710: result: /usr/bin/grep -E
configure:4715: checking for ANSI C header files
configure:4745: gcc -c -g -O2  conftest.c >&5
configure:4752: $? = 0
configure:4851: gcc -o conftest -g -O2   conftest.c  >&5
configure:4855: $? = 0
configure:4861: ./conftest
configure:4865: $? = 0
configure:4883: result: yes
configure:4907: checking for sys/types.h
configure:4928: gcc -c -g -O2  conftest.c >&5
configure:4935: $? = 0
configure:4952: result: yes
configure:4907: checking for sys/stat.h
configure:4928: gcc -c -g -O2  conftest.c >&5
configure:4935: $? = 0
configure:4952: result: yes
configure:4907: checking for stdlib.h
configure:4928: gcc -c -g -O2  conftest.c >&5
configure:4935: $? = 0
configure:4952: result: yes
configure:4907: checking for string.h
configure:4928: gcc -c -g -O2  conftest.c >&5
configure:4935: $? = 0
configure:4952: result: yes
configure:4907: checking for memory.h
configure:4928: gcc -c -g -O2  conftest.c >&5
configure:4935: $? = 0
configure:4952: result: yes
configure:4907: checking for strings.h
configure:4928: gcc -c -g -O2  conftest.c >&5
configure:4935: $? = 0
configure:4952: result: yes
configure:4907: checking for inttypes.h
configure:4928: gcc -c -g -O2  conftest.c >&5
configure:4935: $? = 0
configure:4952: result: yes
configure:4907: checking for stdint.h
configure:4928: gcc -c -g -O2  conftest.c >&5
configure:4935: $? = 0
configure:4952: result: yes
configure:4907: checking for unistd.h
configure:4928: gcc -c -g -O2  conftest.c >&5
configure:4935: $? = 0
configure:4952: result: yes
configure:4967: checking whether byte ordering is bigendian
configure:4992: gcc -c -g -O2  conftest.c >&5
conftest.c:19:9: error: unknown type name 'not'
   19 |         not a universal capable compiler
      |         ^~~
conftest.c:19:15: error: expected '=', ',', ';', 'asm' or '__attribute__' before 'universal'
   19 |         not a universal capable compiler
      |               ^~~~~~~~~
conftest.c:19:15: error: unknown type name 'universal'
configure:4999: $? = 1
configure: failed program was:
| /* confdefs.h.  */
| #define PACKAGE_NAME "open_jtalk"
| #define PACKAGE_TARNAME "open_jtalk"
| #define PACKAGE_VERSION "1.07"
| #define PACKAGE_STRING "open_jtalk 1.07"
| #define PACKAGE_BUGREPORT "open-jtalk-users@lists.sourceforge.net"
| #define STDC_HEADERS 1
| #define HAVE_SYS_TYPES_H 1
| #define HAVE_SYS_STAT_H 1
| #define HAVE_STDLIB_H 1
| #define HAVE_STRING_H 1
| #define HAVE_MEMORY_H 1
| #define HAVE_STRINGS_H 1
| #define HAVE_INTTYPES_H 1
| #define HAVE_STDINT_H 1
| #define HAVE_UNISTD_H 1
| /* end confdefs.h.  */
| #ifndef __APPLE_CC__
| 	       not a universal capable compiler
| 	     #endif
| 	     typedef int dummy;
| 
configure:5049: gcc -c -g -O2  conftest.c >&5
configure:5056: $? = 0
configure:5088: gcc -c -g -O2  conftest.c >&5
conftest.c: In function 'main':
conftest.c:25:4: error: unknown type name 'not'; did you mean 'ino_t'?
   25 |    not big endian
      |    ^~~
      |    ino_t
conftest.c:25:12: error: expected '=', ',', ';', 'asm' or '__attribute__' before 'endian'
   25 |    not big endian
      |            ^~~~~~
configure:5095: $? = 1
configure: failed program was:
| /* confdefs.h.  */
| #define PACKAGE_NAME "open_jtalk"
| #define PACKAGE_TARNAME "open_jtalk"
| #define PACKAGE_VERSION "1.07"
| #define PACKAGE_STRING "open_jtalk 1.07"
| #define PACKAGE_BUGREPORT "open-jtalk-users@lists.sourceforge.net"
| #define STDC_HEADERS 1
| #define HAVE_SYS_TYPES_H 1
| #define HAVE_SYS_STAT_H 1
| #define HAVE_STDLIB_H 1
| #define HAVE_STRING_H 1
| #define HAVE_MEMORY_H 1
| #define HAVE_STRINGS_H 1
| #define HAVE_INTTYPES_H 1
| #define HAVE_STDINT_H 1
| #define HAVE_UNISTD_H 1
| /* end confdefs.h.  */
| #include <sys/types.h>
| 		#include <sys/param.h>
| 
| int
| main ()
| {
| #if BYTE_ORDER != BIG_ENDIAN
| 		 not big endian
| 		#endif
| 
|   ;
|   return 0;
| }
configure:5347: result: no
configure:5375: checking for log in -lm
configure:5410: gcc -o conftest -g -O2   conftest.c -lm   >&5
conftest.c:25:6: warning: conflicting types for built-in function 'log'; expected 'double(double)' [-Wbuiltin-declaration-mismatch]
   25 | char log ();
      |      ^~~
conftest.c:1:1: note: 'log' is declared in header '<math.h>'
    1 | /* confdefs.h.  */
configure:5417: $? = 0
configure:5438: result: yes
configure:5449: checking for main in -lstdc++
configure:5478: gcc -o conftest -g -O2   conftest.c -lstdc++  -lm  >&5
configure:5485: $? = 0
configure:5506: result: yes
configure:5512: checking for iconv_open in -liconv
configure:5547: gcc -o conftest -g -O2   conftest.c -liconv  -lm  >&5
/usr/bin/ld: cannot find -liconv
collect2: error: ld returned 1 exit status
configure:5554: $? = 1
configure: failed program was:
| /* confdefs.h.  */
| #define PACKAGE_NAME "open_jtalk"
| #define PACKAGE_TARNAME "open_jtalk"
| #define PACKAGE_VERSION "1.07"
| #define PACKAGE_STRING "open_jtalk 1.07"
| #define PACKAGE_BUGREPORT "open-jtalk-users@lists.sourceforge.net"
| #define STDC_HEADERS 1
| #define HAVE_SYS_TYPES_H 1
| #define HAVE_SYS_STAT_H 1
| #define HAVE_STDLIB_H 1
| #define HAVE_STRING_H 1
| #define HAVE_MEMORY_H 1
| #define HAVE_STRINGS_H 1
| #define HAVE_INTTYPES_H 1
| #define HAVE_STDINT_H 1
| #define HAVE_UNISTD_H 1
| #define HAVE_LIBM 1
| /* end confdefs.h.  */
| 
| /* Override any GCC internal prototype to avoid an error.
|    Use char because int might match the return type of a GCC
|    builtin and then its argument prototype would still apply.  */
| #ifdef __cplusplus
| extern "C"
| #endif
| char iconv_open ();
| int
| main ()
| {
| return iconv_open ();
|   ;
|   return 0;
| }
configure:5575: result: no
configure:5581: checking for iconv_open
configure:5637: gcc -o conftest -g -O2   conftest.c -lm  >&5
configure:5644: $? = 0
configure:5664: result: yes
configure:5672: checking for ANSI C header files
configure:5840: result: yes
configure:5868: checking for stdlib.h
configure:5875: result: yes
configure:5868: checking for string.h
configure:5875: result: yes
configure:5868: checking for unistd.h
configure:5875: result: yes
configure:5879: checking fcntl.h usability
configure:5896: gcc -c -g -O2  conftest.c >&5
configure:5903: $? = 0
configure:5917: result: yes
configure:5921: checking fcntl.h presence
configure:5936: gcc -E  conftest.c
configure:5943: $? = 0
configure:5957: result: yes
configure:5990: checking for fcntl.h
configure:5999: result: yes
configure:5868: checking for sys/stat.h
configure:5875: result: yes
configure:5879: checking sys/mman.h usability
configure:5896: gcc -c -g -O2  conftest.c >&5
configure:5903: $? = 0
configure:5917: result: yes
configure:5921: checking sys/mman.h presence
configure:5936: gcc -E  conftest.c
configure:5943: $? = 0
configure:5957: result: yes
configure:5990: checking for sys/mman.h
configure:5999: result: yes
configure:5879: checking sys/times.h usability
configure:5896: gcc -c -g -O2  conftest.c >&5
configure:5903: $? = 0
configure:5917: result: yes
configure:5921: checking sys/times.h presence
configure:5936: gcc -E  conftest.c
configure:5943: $? = 0
configure:5957: result: yes
configure:5990: checking for sys/times.h
configure:5999: result: yes
configure:5868: checking for sys/types.h
configure:5875: result: yes
configure:5879: checking dirent.h usability
configure:5896: gcc -c -g -O2  conftest.c >&5
configure:5903: $? = 0
configure:5917: result: yes
configure:5921: checking dirent.h presence
configure:5936: gcc -E  conftest.c
configure:5943: $? = 0
configure:5957: result: yes
configure:5990: checking for dirent.h
configure:5999: result: yes
configure:5879: checking ctype.h usability
configure:5896: gcc -c -g -O2  conftest.c >&5
configure:5903: $? = 0
configure:5917: result: yes
configure:5921: checking ctype.h presence
configure:5936: gcc -E  conftest.c
configure:5943: $? = 0
configure:5957: result: yes
configure:5990: checking for ctype.h
configure:5999: result: yes
configure:5868: checking for sys/types.h
configure:5875: result: yes
configure:5879: checking io.h usability
configure:5896: gcc -c -g -O2  conftest.c >&5
conftest.c:64:10: fatal error: io.h: No such file or directory
   64 | #include <io.h>
      |          ^~~~~~
compilation terminated.
configure:5903: $? = 1
configure: failed program was:
| /* confdefs.h.  */
| #define PACKAGE_NAME "open_jtalk"
| #define PACKAGE_TARNAME "open_jtalk"
| #define PACKAGE_VERSION "1.07"
| #define PACKAGE_STRING "open_jtalk 1.07"
| #define PACKAGE_BUGREPORT "open-jtalk-users@lists.sourceforge.net"
| #define STDC_HEADERS 1
| #define HAVE_SYS_TYPES_H 1
| #define HAVE_SYS_STAT_H 1
| #define HAVE_STDLIB_H 1
| #define HAVE_STRING_H 1
| #define HAVE_MEMORY_H 1
| #define HAVE_STRINGS_H 1
| #define HAVE_INTTYPES_H 1
| #define HAVE_STDINT_H 1
| #define HAVE_UNISTD_H 1
| #define HAVE_LIBM 1
| #define STDC_HEADERS 1
| #define HAVE_STDLIB_H 1
| #define HAVE_STRING_H 1
| #define HAVE_UNISTD_H 1
| #define HAVE_FCNTL_H 1
| #define HAVE_SYS_STAT_H 1
| #define HAVE_SYS_MMAN_H 1
| #define HAVE_SYS_TIMES_H 1
| #define HAVE_SYS_TYPES_H 1
| #define HAVE_DIRENT_H 1
| #define HAVE_CTYPE_H 1
| #define HAVE_SYS_TYPES_H 1
| /* end confdefs.h.  */
| #include <stdio.h>
| #ifdef HAVE_SYS_TYPES_H
| # include <sys/types.h>
| #endif
| #ifdef HAVE_SYS_STAT_H
| # include <sys/stat.h>
| #endif
| #ifdef STDC_HEADERS
| # include <stdlib.h>
| # include <stddef.h>
| #else
| # ifdef HAVE_STDLIB_H
| #  include <stdlib.h>
| # endif
| #endif
| #ifdef HAVE_STRING_H
| # if !defined STDC_HEADERS && defined HAVE_MEMORY_H
| #  include <memory.h>
| # endif
| # include <string.h>
| #endif
| #ifdef HAVE_STRINGS_H
| # include <strings.h>
| #endif
| #ifdef HAVE_INTTYPES_H
| # include <inttypes.h>
| #endif
| #ifdef HAVE_STDINT_H
| # include <stdint.h>
| #endif
| #ifdef HAVE_UNISTD_H
| # include <unistd.h>
| #endif
| #include <io.h>
configure:5917: result: no
configure:5921: checking io.h presence
configure:5936: gcc -E  conftest.c
conftest.c:31:10: fatal error: io.h: No such file or directory
   31 | #include <io.h>
      |          ^~~~~~
compilation terminated.
configure:5943: $? = 1
configure: failed program was:
| /* confdefs.h.  */
| #define PACKAGE_NAME "open_jtalk"
| #define PACKAGE_TARNAME "open_jtalk"
| #define PACKAGE_VERSION "1.07"
| #define PACKAGE_STRING "open_jtalk 1.07"
| #define PACKAGE_BUGREPORT "open-jtalk-users@lists.sourceforge.net"
| #define STDC_HEADERS 1
| #define HAVE_SYS_TYPES_H 1
| #define HAVE_SYS_STAT_H 1
| #define HAVE_STDLIB_H 1
| #define HAVE_STRING_H 1
| #define HAVE_MEMORY_H 1
| #define HAVE_STRINGS_H 1
| #define HAVE_INTTYPES_H 1
| #define HAVE_STDINT_H 1
| #define HAVE_UNISTD_H 1
| #define HAVE_LIBM 1
| #define STDC_HEADERS 1
| #define HAVE_STDLIB_H 1
| #define HAVE_STRING_H 1
| #define HAVE_UNISTD_H 1
| #define HAVE_FCNTL_H 1
| #define HAVE_SYS_STAT_H 1
| #define HAVE_SYS_MMAN_H 1
| #define HAVE_SYS_TIMES_H 1
| #define HAVE_SYS_TYPES_H 1
| #define HAVE_DIRENT_H 1
| #define HAVE_CTYPE_H 1
| #define HAVE_SYS_TYPES_H 1
| /* end confdefs.h.  */
| #include <io.h>
configure:5957: result: no
configure:5990: checking for io.h
configure:5999: result: no
configure:5879: checking windows.h usability
configure:5896: gcc -c -g -O2  conftest.c >&5
conftest.c:64:10: fatal error: windows.h: No such file or directory
   64 | #include <windows.h>
      |          ^~~~~~~~~~~
compilation terminated.
configure:5903: $? = 1
configure: failed program was:
| /* confdefs.h.  */
| #define PACKAGE_NAME "open_jtalk"
| #define PACKAGE_TARNAME "open_jtalk"
| #define PACKAGE_VERSION "1.07"
| #define PACKAGE_STRING "open_jtalk 1.07"
| #define PACKAGE_BUGREPORT "open-jtalk-users@lists.sourceforge.net"
| #define STDC_HEADERS 1
| #define HAVE_SYS_TYPES_H 1
| #define HAVE_SYS_STAT_H 1
| #define HAVE_STDLIB_H 1
| #define HAVE_STRING_H 1
| #define HAVE_MEMORY_H 1
| #define HAVE_STRINGS_H 1
| #define HAVE_INTTYPES_H 1
| #define HAVE_STDINT_H 1
| #define HAVE_UNISTD_H 1
| #define HAVE_LIBM 1
| #define STDC_HEADERS 1
| #define HAVE_STDLIB_H 1
| #define HAVE_STRING_H 1
| #define HAVE_UNISTD_H 1
| #define HAVE_FCNTL_H 1
| #define HAVE_SYS_STAT_H 1
| #define HAVE_SYS_MMAN_H 1
| #define HAVE_SYS_TIMES_H 1
| #define HAVE_SYS_TYPES_H 1
| #define HAVE_DIRENT_H 1
| #define HAVE_CTYPE_H 1
| #define HAVE_SYS_TYPES_H 1
| /* end confdefs.h.  */
| #include <stdio.h>
| #ifdef HAVE_SYS_TYPES_H
| # include <sys/types.h>
| #endif
| #ifdef HAVE_SYS_STAT_H
| # include <sys/stat.h>
| #endif
| #ifdef STDC_HEADERS
| # include <stdlib.h>
| # include <stddef.h>
| #else
| # ifdef HAVE_STDLIB_H
| #  include <stdlib.h>
| # endif
| #endif
| #ifdef HAVE_STRING_H
| # if !defined STDC_HEADERS && defined HAVE_MEMORY_H
| #  include <memory.h>
| # endif
| # include <string.h>
| #endif
| #ifdef HAVE_STRINGS_H
| # include <strings.h>
| #endif
| #ifdef HAVE_INTTYPES_H
| # include <inttypes.h>
| #endif
| #ifdef HAVE_STDINT_H
| # include <stdint.h>
| #endif
| #ifdef HAVE_UNISTD_H
| # include <unistd.h>
| #endif
| #include <windows.h>
configure:5917: result: no
configure:5921: checking windows.h presence
configure:5936: gcc -E  conftest.c
conftest.c:31:10: fatal error: windows.h: No such file or directory
   31 | #include <windows.h>
      |          ^~~~~~~~~~~
compilation terminated.
configure:5943: $? = 1
configure: failed program was:
| /* confdefs.h.  */
| #define PACKAGE_NAME "open_jtalk"
| #define PACKAGE_TARNAME "open_jtalk"
| #define PACKAGE_VERSION "1.07"
| #define PACKAGE_STRING "open_jtalk 1.07"
| #define PACKAGE_BUGREPORT "open-jtalk-users@lists.sourceforge.net"
| #define STDC_HEADERS 1
| #define HAVE_SYS_TYPES_H 1
| #define HAVE_SYS_STAT_H 1
| #define HAVE_STDLIB_H 1
| #define HAVE_STRING_H 1
| #define HAVE_MEMORY_H 1
| #define HAVE_STRINGS_H 1
| #define HAVE_INTTYPES_H 1
| #define HAVE_STDINT_H 1
| #define HAVE_UNISTD_H 1
| #define HAVE_LIBM 1
| #define STDC_HEADERS 1
| #define HAVE_STDLIB_H 1
| #define HAVE_STRING_H 1
| #define HAVE_UNISTD_H 1
| #define HAVE_FCNTL_H 1
| #define HAVE_SYS_STAT_H 1
| #define HAVE_SYS_MMAN_H 1
| #define HAVE_SYS_TIMES_H 1
| #define HAVE_SYS_TYPES_H 1
| #define HAVE_DIRENT_H 1
| #define HAVE_CTYPE_H 1
| #define HAVE_SYS_TYPES_H 1
| /* end confdefs.h.  */
| #include <windows.h>
configure:5957: result: no
configure:5990: checking for windows.h
configure:5999: result: no
configure:5879: checking setjmp.h usability
configure:5896: gcc -c -g -O2  conftest.c >&5
configure:5903: $? = 0
configure:5917: result: yes
configure:5921: checking setjmp.h presence
configure:5936: gcc -E  conftest.c
configure:5943: $? = 0
configure:5957: result: yes
configure:5990: checking for setjmp.h
configure:5999: result: yes
configure:6016: checking for an ANSI C-conforming const
configure:6091: gcc -c -g -O2  conftest.c >&5
configure:6098: $? = 0
configure:6113: result: yes
configure:6123: checking for size_t
configure:6151: gcc -c -g -O2  conftest.c >&5
configure:6158: $? = 0
configure:6185: gcc -c -g -O2  conftest.c >&5
conftest.c: In function 'main':
conftest.c:68:21: error: expected expression before ')' token
   68 | if (sizeof ((size_t)))
      |                     ^
configure:6192: $? = 1
configure: failed program was:
| /* confdefs.h.  */
| #define PACKAGE_NAME "open_jtalk"
| #define PACKAGE_TARNAME "open_jtalk"
| #define PACKAGE_VERSION "1.07"
| #define PACKAGE_STRING "open_jtalk 1.07"
| #define PACKAGE_BUGREPORT "open-jtalk-users@lists.sourceforge.net"
| #define STDC_HEADERS 1
| #define HAVE_SYS_TYPES_H 1
| #define HAVE_SYS_STAT_H 1
| #define HAVE_STDLIB_H 1
| #define HAVE_STRING_H 1
| #define HAVE_MEMORY_H 1
| #define HAVE_STRINGS_H 1
| #define HAVE_INTTYPES_H 1
| #define HAVE_STDINT_H 1
| #define HAVE_UNISTD_H 1
| #define HAVE_LIBM 1
| #define STDC_HEADERS 1
| #define HAVE_STDLIB_H 1
| #define HAVE_STRING_H 1
| #define HAVE_UNISTD_H 1
| #define HAVE_FCNTL_H 1
| #define HAVE_SYS_STAT_H 1
| #define HAVE_SYS_MMAN_H 1
| #define HAVE_SYS_TIMES_H 1
| #define HAVE_SYS_TYPES_H 1
| #define HAVE_DIRENT_H 1
| #define HAVE_CTYPE_H 1
| #define HAVE_SYS_TYPES_H 1
| #define HAVE_SETJMP_H 1
| /* end confdefs.h.  */
| #include <stdio.h>
| #ifdef HAVE_SYS_TYPES_H
| # include <sys/types.h>
| #endif
| #ifdef HAVE_SYS_STAT_H
| # include <sys/stat.h>
| #endif
| #ifdef STDC_HEADERS
| # include <stdlib.h>
| # include <stddef.h>
| #else
| # ifdef HAVE_STDLIB_H
| #  include <stdlib.h>
| # endif
| #endif
| #ifdef HAVE_STRING_H
| # if !defined STDC_HEADERS && defined HAVE_MEMORY_H
| #  include <memory.h>
| # endif
| # include <string.h>
| #endif
| #ifdef HAVE_STRINGS_H
| # include <strings.h>
| #endif
| #ifdef HAVE_INTTYPES_H
| # include <inttypes.h>
| #endif
| #ifdef HAVE_STDINT_H
| # include <stdint.h>
| #endif
| #ifdef HAVE_UNISTD_H
| # include <unistd.h>
| #endif
| int
| main ()
| {
| if (sizeof ((size_t)))
| 	  return 0;
|   ;
|   return 0;
| }
configure:6215: result: yes
configure:6235: checking for stdlib.h
configure:6242: result: yes
configure:6235: checking for unistd.h
configure:6242: result: yes
configure:6385: checking for getpagesize
configure:6441: gcc -o conftest -g -O2   conftest.c -lm  >&5
configure:6448: $? = 0
configure:6470: result: yes
configure:6482: checking for working mmap
configure:6629: gcc -o conftest -g -O2   conftest.c -lm  >&5
configure:6633: $? = 0
configure:6639: ./conftest
configure:6643: $? = 0
configure:6660: result: yes
configure:6675: checking for sqrt
configure:6731: gcc -o conftest -g -O2   conftest.c -lm  >&5
conftest.c:59:6: warning: conflicting types for built-in function 'sqrt'; expected 'double(double)' [-Wbuiltin-declaration-mismatch]
   59 | char sqrt ();
      |      ^~~~
conftest.c:47:1: note: 'sqrt' is declared in header '<math.h>'
   46 | # include <limits.h>
   47 | #else
configure:6738: $? = 0
configure:6760: result: yes
configure:6776: checking for strstr
configure:6832: gcc -o conftest -g -O2   conftest.c -lm  >&5
conftest.c:60:6: warning: conflicting types for built-in function 'strstr'; expected 'char *(const char *, const char *)' [-Wbuiltin-declaration-mismatch]
   60 | char strstr ();
      |      ^~~~~~
conftest.c:48:1: note: 'strstr' is declared in header '<string.h>'
   47 | # include <limits.h>
   48 | #else
configure:6839: $? = 0
configure:6861: result: yes
configure:6877: checking for getenv
configure:6933: gcc -o conftest -g -O2   conftest.c -lm  >&5
configure:6940: $? = 0
configure:6962: result: yes
configure:6978: checking for opendir
configure:7034: gcc -o conftest -g -O2   conftest.c -lm  >&5
configure:7041: $? = 0
configure:7063: result: yes
configure:7079: checking for setjmp
configure:7135: gcc -o conftest -g -O2   conftest.c -lm  >&5
configure:7142: $? = 0
configure:7164: result: yes
configure:7185: checking whether gcc needs -traditional
configure:7227: result: no
configure:7234: checking whether make sets $(MAKE)
configure:7256: result: yes
configure:7265: checking for library containing strerror
configure:7306: gcc -o conftest -g -O2   conftest.c -lm  >&5
configure:7313: $? = 0
configure:7344: result: none required
configure:7358: checking build system type
configure:7376: result: x86_64-unknown-linux-gnu
configure:7398: checking host system type
configure:7413: result: x86_64-unknown-linux-gnu
configure:7452: checking for off_t
configure:7480: gcc -c -g -O2  conftest.c >&5
configure:7487: $? = 0
configure:7514: gcc -c -g -O2  conftest.c >&5
conftest.c: In function 'main':
conftest.c:77:20: error: expected expression before ')' token
   77 | if (sizeof ((off_t)))
      |                    ^
configure:7521: $? = 1
configure: failed program was:
| /* confdefs.h.  */
| #define PACKAGE_NAME "open_jtalk"
| #define PACKAGE_TARNAME "open_jtalk"
| #define PACKAGE_VERSION "1.07"
| #define PACKAGE_STRING "open_jtalk 1.07"
| #define PACKAGE_BUGREPORT "open-jtalk-users@lists.sourceforge.net"
| #define STDC_HEADERS 1
| #define HAVE_SYS_TYPES_H 1
| #define HAVE_SYS_STAT_H 1
| #define HAVE_STDLIB_H 1
| #define HAVE_STRING_H 1
| #define HAVE_MEMORY_H 1
| #define HAVE_STRINGS_H 1
| #define HAVE_INTTYPES_H 1
| #define HAVE_STDINT_H 1
| #define HAVE_UNISTD_H 1
| #define HAVE_LIBM 1
| #define STDC_HEADERS 1
| #define HAVE_STDLIB_H 1
| #define HAVE_STRING_H 1
| #define HAVE_UNISTD_H 1
| #define HAVE_FCNTL_H 1
| #define HAVE_SYS_STAT_H 1
| #define HAVE_SYS_MMAN_H 1
| #define HAVE_SYS_TIMES_H 1
| #define HAVE_SYS_TYPES_H 1
| #define HAVE_DIRENT_H 1
| #define HAVE_CTYPE_H 1
| #define HAVE_SYS_TYPES_H 1
| #define HAVE_SETJMP_H 1
| #define HAVE_STDLIB_H 1
| #define HAVE_UNISTD_H 1
| #define HAVE_GETPAGESIZE 1
| #define HAVE_MMAP 1
| #define HAVE_SQRT 1
| #define HAVE_STRSTR 1
| #define HAVE_GETENV 1
| #define HAVE_OPENDIR 1
| #define HAVE_SETJMP 1
| /* end confdefs.h.  */
| #include <stdio.h>
| #ifdef HAVE_SYS_TYPES_H
| # include <sys/types.h>
| #endif
| #ifdef HAVE_SYS_STAT_H
| # include <sys/stat.h>
| #endif
| #ifdef STDC_HEADERS
| # include <stdlib.h>
| # include <stddef.h>
| #else
| # ifdef HAVE_STDLIB_H
| #  include <stdlib.h>
| # endif
| #endif
| #ifdef HAVE_STRING_H
| # if !defined STDC_HEADERS && defined HAVE_MEMORY_H
| #  include <memory.h>
| # endif
| # include <string.h>
| #endif
| #ifdef HAVE_STRINGS_H
| # include <strings.h>
| #endif
| #ifdef HAVE_INTTYPES_H
| # include <inttypes.h>
| #endif
| #ifdef HAVE_STDINT_H
| # include <stdint.h>
| #endif
| #ifdef HAVE_UNISTD_H
| # include <unistd.h>
| #endif
| int
| main ()
| {
| if (sizeof ((off_t)))
| 	  return 0;
|   ;
|   return 0;
| }
configure:7544: result: yes
configure:7581: checking for size_t
configure:7673: result: yes
configure:7689: checking size of char
configure:7994: gcc -o conftest -g -O2   conftest.c -lm  >&5
configure:7998: $? = 0
configure:8004: ./conftest
configure:8008: $? = 0
configure:8034: result: 1
configure:8048: checking size of short
configure:8353: gcc -o conftest -g -O2   conftest.c -lm  >&5
configure:8357: $? = 0
configure:8363: ./conftest
configure:8367: $? = 0
configure:8393: result: 2
configure:8407: checking size of int
configure:8712: gcc -o conftest -g -O2   conftest.c -lm  >&5
configure:8716: $? = 0
configure:8722: ./conftest
configure:8726: $? = 0
configure:8752: result: 4
configure:8766: checking size of long
configure:9071: gcc -o conftest -g -O2   conftest.c -lm  >&5
configure:9075: $? = 0
configure:9081: ./conftest
configure:9085: $? = 0
configure:9111: result: 8
configure:9125: checking size of long long
configure:9430: gcc -o conftest -g -O2   conftest.c -lm  >&5
configure:9434: $? = 0
configure:9440: ./conftest
configure:9444: $? = 0
configure:9470: result: 8
configure:9484: checking size of size_t
configure:9789: gcc -o conftest -g -O2   conftest.c -lm  >&5
configure:9793: $? = 0
configure:9799: ./conftest
configure:9803: $? = 0
configure:9829: result: 8
configure:9839: checking for size_t
configure:9931: result: yes
configure:9951: checking whether make is GNU Make
configure:9954: result: yes
configure:9965: checking if g++ supports template <class T> (required)
configure:9995: g++ -c -g -O2  conftest.cpp >&5
configure:10002: $? = 0
configure:10022: result: yes
configure:10024: checking if g++ supports const_cast<> (required)
configure:10052: g++ -c -g -O2  conftest.cpp >&5
configure:10059: $? = 0
configure:10079: result: yes
configure:10081: checking if g++ supports static_cast<> (required)
configure:10109: g++ -c -g -O2  conftest.cpp >&5
configure:10116: $? = 0
configure:10136: result: yes
configure:10138: checking if g++ supports dynamic_cast<> (required)
configure:10167: g++ -c -g -O2  conftest.cpp >&5
configure:10174: $? = 0
configure:10194: result: yes
configure:10196: checking if g++ supports reinterpret_cast<> (required)
configure:10223: g++ -c -g -O2  conftest.cpp >&5
configure:10230: $? = 0
configure:10250: result: yes
configure:10252: checking if g++ supports exception handler (required)
configure:10285: g++ -c -g -O2  conftest.cpp >&5
configure:10292: $? = 0
configure:10312: result: yes
configure:10314: checking if g++ supports namespaces (required) 
configure:10342: g++ -c -g -O2  conftest.cpp >&5
configure:10349: $? = 0
configure:10368: result: yes
configure:10370: checking if g++ environment provides all required features
configure:10381: result: yes
configure:10412: checking for HTS_engine.h
configure:10414: result: /usr/local/include/HTS_engine.h
configure:10437: checking for libHTSEngine.a
configure:10439: result: /usr/local/lib/libHTSEngine.a
configure:10539: checking charset
configure:10541: result: utf-8
configure:10699: creating ./config.status

## ---------------------- ##
## Running config.status. ##
## ---------------------- ##

This file was extended by open_jtalk config.status 1.07, which was
generated by GNU Autoconf 2.63.  Invocation command line was

  CONFIG_FILES    = 
  CONFIG_HEADERS  = 
  CONFIG_LINKS    = 
  CONFIG_COMMANDS = 
  $ ./config.status 

on m

config.status:835: creating Makefile
config.status:835: creating bin/Makefile
config.status:835: creating text2mecab/Makefile
config.status:835: creating mecab/Makefile
config.status:835: creating mecab/src/Makefile
config.status:835: creating mecab2njd/Makefile
config.status:835: creating njd/Makefile
config.status:835: creating njd_set_pronunciation/Makefile
config.status:835: creating njd_set_digit/Makefile
config.status:835: creating njd_set_accent_phrase/Makefile
config.status:835: creating njd_set_accent_type/Makefile
config.status:835: creating njd_set_unvoiced_vowel/Makefile
config.status:835: creating njd_set_long_vowel/Makefile
config.status:835: creating njd2jpcommon/Makefile
config.status:835: creating jpcommon/Makefile
config.status:835: creating mecab-naist-jdic/Makefile
config.status:835: creating mecab/config.h
config.status:1109: executing depfiles commands

## ---------------- ##
## Cache variables. ##
## ---------------- ##

ac_cv_build=x86_64-unknown-linux-gnu
ac_cv_c_bigendian=no
ac_cv_c_compiler_gnu=yes
ac_cv_c_const=yes
ac_cv_cxx_compiler_gnu=yes
ac_cv_env_CCC_set=
ac_cv_env_CCC_value=
ac_cv_env_CC_set=
ac_cv_env_CC_value=
ac_cv_env_CFLAGS_set=
ac_cv_env_CFLAGS_value=
ac_cv_env_CPPFLAGS_set=
ac_cv_env_CPPFLAGS_value=
ac_cv_env_CPP_set=
ac_cv_env_CPP_value=
ac_cv_env_CXXFLAGS_set=
ac_cv_env_CXXFLAGS_value=
ac_cv_env_CXX_set=
ac_cv_env_CXX_value=
ac_cv_env_LDFLAGS_set=
ac_cv_env_LDFLAGS_value=
ac_cv_env_LIBS_set=
ac_cv_env_LIBS_value=
ac_cv_env_build_alias_set=
ac_cv_env_build_alias_value=
ac_cv_env_host_alias_set=
ac_cv_env_host_alias_value=
ac_cv_env_target_alias_set=
ac_cv_env_target_alias_value=
ac_cv_func_getenv=yes
ac_cv_func_getpagesize=yes
ac_cv_func_iconv_open=yes
ac_cv_func_mmap_fixed_mapped=yes
ac_cv_func_opendir=yes
ac_cv_func_setjmp=yes
ac_cv_func_sqrt=yes
ac_cv_func_strstr=yes
ac_cv_header_ctype_h=yes
ac_cv_header_dirent_h=yes
ac_cv_header_fcntl_h=yes
ac_cv_header_inttypes_h=yes
ac_cv_header_io_h=no
ac_cv_header_memory_h=yes
ac_cv_header_setjmp_h=yes
ac_cv_header_stdc=yes
ac_cv_header_stdint_h=yes
ac_cv_header_stdlib_h=yes
ac_cv_header_string_h=yes
ac_cv_header_strings_h=yes
ac_cv_header_sys_mman_h=yes
ac_cv_header_sys_stat_h=yes
ac_cv_header_sys_times_h=yes
ac_cv_header_sys_types_h=yes
ac_cv_header_unistd_h=yes
ac_cv_header_windows_h=no
ac_cv_host=x86_64-unknown-linux-gnu
ac_cv_lib_iconv_iconv_open=no
ac_cv_lib_m_log=yes
ac_cv_lib_stdcpp_main=yes
ac_cv_objext=o
ac_cv_path_EGREP='/usr/bin/grep -E'
ac_cv_path_GREP=/usr/bin/grep
ac_cv_path_install='/usr/bin/install -c'
ac_cv_path_mkdir=/usr/bin/mkdir
ac_cv_prog_AWK=mawk
ac_cv_prog_CPP='gcc -E'
ac_cv_prog_ac_ct_AR=ar
ac_cv_prog_ac_ct_CC=gcc
ac_cv_prog_ac_ct_CXX=g++
ac_cv_prog_ac_ct_RANLIB=ranlib
ac_cv_prog_cc_c89=
ac_cv_prog_cc_g=yes
ac_cv_prog_cc_gcc_c_o=yes
ac_cv_prog_cxx_g=yes
ac_cv_prog_gcc_traditional=no
ac_cv_prog_make_make_set=yes
ac_cv_search_strerror='none required'
ac_cv_sizeof_char=1
ac_cv_sizeof_int=4
ac_cv_sizeof_long=8
ac_cv_sizeof_long_long=8
ac_cv_sizeof_short=2
ac_cv_sizeof_size_t=8
ac_cv_type_off_t=yes
ac_cv_type_size_t=yes
am_cv_CC_dependencies_compiler_type=gcc3
am_cv_CXX_dependencies_compiler_type=gcc3

## ----------------- ##
## Output variables. ##
## ----------------- ##

ACLOCAL='${SHELL} /tmp/open_jtalk-1.07/config/missing --run aclocal-1.10'
AMDEPBACKSLASH='\'
AMDEP_FALSE='#'
AMDEP_TRUE=''
AMTAR='${SHELL} /tmp/open_jtalk-1.07/config/missing --run tar'
AR='ar'
AUTOCONF='${SHELL} /tmp/open_jtalk-1.07/config/missing --run autoconf'
AUTOHEADER='${SHELL} /tmp/open_jtalk-1.07/config/missing --run autoheader'
AUTOMAKE='${SHELL} /tmp/open_jtalk-1.07/config/missing --run automake-1.10'
AWK='mawk'
CC='gcc'
CCDEPMODE='depmode=gcc3'
CFLAGS='-O2 -Wall -g -g -O2 -finput-charset=UTF-8 -fexec-charset=UTF-8 '
CHARSET='-D CHARSET_UTF_8'
CPP='gcc -E'
CPPFLAGS=''
CXX='g++'
CXXDEPMODE='depmode=gcc3'
CXXFLAGS='-O3 -Wall -Wno-deprecated -g -O2  -finput-charset=UTF-8 -fexec-charset=UTF-8 '
CYGPATH_W='echo'
DEFS='-DHAVE_CONFIG_H'
DEPDIR='.deps'
DIC_VERSION='102'
ECHO_C=''
ECHO_N='-n'
ECHO_T=''
EGREP='/usr/bin/grep -E'
EXEEXT=''
GREP='/usr/bin/grep'
HTS_ENGINE_HEADER='/usr/local/include/HTS_engine.h'
HTS_ENGINE_HEADER_DIR='/usr/local/include'
HTS_ENGINE_LIBRARY='/usr/local/lib/libHTSEngine.a'
HTS_ENGINE_LIBRARY_DIR='/usr/local/lib'
INSTALL_DATA='${INSTALL} -m 644'
INSTALL_PROGRAM='${INSTALL}'
INSTALL_SCRIPT='${INSTALL}'
INSTALL_STRIP_PROGRAM='$(install_sh) -c -s'
LDFLAGS=''
LIBOBJS=''
LIBS='-lm  -lstdc++'
LTLIBOBJS=''
MAKEINFO='${SHELL} /tmp/open_jtalk-1.07/config/missing --run makeinfo'
MECAB_CHARSET='utf-8'
MECAB_DEFAULT_RC='dummy'
MECAB_LIBS='-lstdc++'
MECAB_USE_UTF8_ONLY='-D MECAB_USE_UTF8_ONLY'
MKDIR_P='/usr/bin/mkdir -p'
OBJEXT='o'
PACKAGE='open_jtalk'
PACKAGE_BUGREPORT='open-jtalk-users@lists.sourceforge.net'
PACKAGE_NAME='open_jtalk'
PACKAGE_STRING='open_jtalk 1.07'
PACKAGE_TARNAME='open_jtalk'
PACKAGE_VERSION='1.07'
PATH_SEPARATOR=':'
RANLIB='ranlib'
SET_MAKE=''
SHELL='/bin/bash'
STRIP=''
VERSION='1.07'
ac_ct_CC='gcc'
ac_ct_CXX='g++'
am__fastdepCC_FALSE='#'
am__fastdepCC_TRUE=''
am__fastdepCXX_FALSE='#'
am__fastdepCXX_TRUE=''
am__include='include'
am__isrc=''
am__leading_dot='.'
am__quote=''
am__tar='${AMTAR} chof - "$$tardir"'
am__untar='${AMTAR} xf -'
bindir='${exec_prefix}/bin'
build='x86_64-unknown-linux-gnu'
build_alias=''
build_cpu='x86_64'
build_os='linux-gnu'
build_vendor='unknown'
datadir='${datarootdir}'
datarootdir='${prefix}/share'
docdir='${datarootdir}/doc/${PACKAGE_TARNAME}'
dvidir='${docdir}'
exec_prefix='${prefix}'
host='x86_64-unknown-linux-gnu'
host_alias=''
host_cpu='x86_64'
host_os='linux-gnu'
host_vendor='unknown'
htmldir='${docdir}'
includedir='${prefix}/include'
infodir='${datarootdir}/info'
install_sh='$(SHELL) /tmp/open_jtalk-1.07/config/install-sh'
libdir='${exec_prefix}/lib'
libexecdir='${exec_prefix}/libexec'
localedir='${datarootdir}/locale'
localstatedir='${prefix}/var'
mandir='${datarootdir}/man'
mkdir_p='/usr/bin/mkdir -p'
oldincludedir='/usr/include'
pdfdir='${docdir}'
prefix='/usr/local'
program_transform_name='s,x,x,'
psdir='${docdir}'
sbindir='${exec_prefix}/sbin'
sharedstatedir='${prefix}/com'
sysconfdir='${prefix}/etc'
target_alias=''

## ----------- ##
## confdefs.h. ##
## ----------- ##

#define PACKAGE_NAME "open_jtalk"
#define PACKAGE_TARNAME "open_jtalk"
#define PACKAGE_VERSION "1.07"
#define PACKAGE_STRING "open_jtalk 1.07"
#define PACKAGE_BUGREPORT "open-jtalk-users@lists.sourceforge.net"
#define STDC_HEADERS 1
#define HAVE_SYS_TYPES_H 1
#define HAVE_SYS_STAT_H 1
#define HAVE_STDLIB_H 1
#define HAVE_STRING_H 1
#define HAVE_MEMORY_H 1
#define HAVE_STRINGS_H 1
#define HAVE_INTTYPES_H 1
#define HAVE_STDINT_H 1
#define HAVE_UNISTD_H 1
#define HAVE_LIBM 1
#define STDC_HEADERS 1
#define HAVE_STDLIB_H 1
#define HAVE_STRING_H 1
#define HAVE_UNISTD_H 1
#define HAVE_FCNTL_H 1
#define HAVE_SYS_STAT_H 1
#define HAVE_SYS_MMAN_H 1
#define HAVE_SYS_TIMES_H 1
#define HAVE_SYS_TYPES_H 1
#define HAVE_DIRENT_H 1
#define HAVE_CTYPE_H 1
#define HAVE_SYS_TYPES_H 1
#define HAVE_SETJMP_H 1
#define HAVE_STDLIB_H 1
#define HAVE_UNISTD_H 1
#define HAVE_GETPAGESIZE 1
#define HAVE_MMAP 1
#define HAVE_SQRT 1
#define HAVE_STRSTR 1
#define HAVE_GETENV 1
#define HAVE_OPENDIR 1
#define HAVE_SETJMP 1
#define HAVE_ICONV 1
#define ICONV_CONST /**/
#define SIZEOF_CHAR 1
#define SIZEOF_SHORT 2
#define SIZEOF_INT 4
#define SIZEOF_LONG 8
#define SIZEOF_LONG_LONG 8
#define SIZEOF_SIZE_T 8

configure: exit 0
